<?xml version="1.0" encoding="UTF-8"?>
<!-- Generated by org.testng.reporters.JUnitXMLReporter -->
<testsuite ignored="2" hostname="LAPTOP-40MCKAT2" failures="0" tests="2" name="Default test" time="0.061" errors="0" timestamp="2021-10-08T14:17:51 IST">
  <testcase classname="first.Login" name="l" time="0.007"/>
  <testcase classname="first.Login" name="result" time="0.02"/>
  <testcase classname="first.Login" name="testcase2" time="0.0">
    <ignored/>
  </testcase> <!-- testcase2 -->
  <testcase classname="first.Login" name="testcase1" time="0.0">
    <ignored/>
  </testcase> <!-- testcase1 -->
</testsuite> <!-- Default test -->
