<?xml version="1.0" encoding="UTF-8"?>
<!-- Generated by org.testng.reporters.JUnitXMLReporter -->
<testsuite ignored="2" hostname="LAPTOP-40MCKAT2" failures="0" tests="15" name="Test1" time="0.053" errors="0" timestamp="2021-10-08T14:12:24 IST">
  <testcase classname="Practise.Topic2" name="openUrl" time="0.002"/>
  <testcase classname="Practise.Topic2" name="openApp" time="0.001"/>
  <testcase classname="Practise.Topic2" name="enterU" time="0.001"/>
  <testcase classname="Practise.Topic2" name="enterP" time="0.001"/>
  <testcase classname="Practise.Topic2" name="clickLogin" time="0.001"/>
  <testcase classname="Practise.Topic2" name="validation" time="0.001"/>
  <testcase classname="Practise.Topic1" name="openUrl" time="0.0"/>
  <testcase classname="Practise.Topic1" name="openApp" time="0.001"/>
  <testcase classname="Practise.Topic1" name="enterU" time="0.001"/>
  <testcase classname="Practise.Topic1" name="enterP" time="0.001"/>
  <testcase classname="Practise.Topic1" name="clickLogin" time="0.002"/>
  <testcase classname="Practise.Topic1" name="clickMyProfile" time="0.002"/>
  <testcase classname="Practise.Topic1" name="clickManageAdd" time="0.001"/>
  <testcase classname="Practise.Topic1" name="updateAdd" time="0.001"/>
  <testcase classname="Practise.Topic1" name="validation" time="0.001"/>
  <testcase classname="Practise.Topic1" name="launchB" time="0.0">
    <ignored/>
  </testcase> <!-- launchB -->
  <testcase classname="Practise.Topic2" name="launchB" time="0.0">
    <ignored/>
  </testcase> <!-- launchB -->
</testsuite> <!-- Test1 -->
