<?xml version="1.0" encoding="UTF-8"?>
<!-- Generated by org.testng.reporters.JUnitXMLReporter -->
<testsuite ignored="4" hostname="LAPTOP-40MCKAT2" failures="0" tests="12" name="Test" time="0.075" errors="0" timestamp="2021-10-08T14:12:23 IST">
  <testcase classname="first.Login" name="testcase2" time="0.008"/>
  <testcase classname="first.Login" name="result" time="0.001"/>
  <testcase classname="first.Login" name="l" time="0.001"/>
  <testcase classname="first.EnterText" name="testcase5" time="0.001"/>
  <testcase classname="first.EnterText" name="result6" time="0.001"/>
  <testcase classname="first.EnterText" name="l" time="0.001"/>
  <testcase classname="first.Select" name="testcase11" time="0.001"/>
  <testcase classname="first.Select" name="result12" time="0.001"/>
  <testcase classname="first.Select" name="l" time="0.001"/>
  <testcase classname="first.Click" name="testcase8" time="0.001"/>
  <testcase classname="first.Click" name="result9" time="0.001"/>
  <testcase classname="first.Click" name="l" time="0.001"/>
  <testcase classname="first.Select" name="testcase10" time="0.0">
    <ignored/>
  </testcase> <!-- testcase10 -->
  <testcase classname="first.Click" name="testcase7" time="0.0">
    <ignored/>
  </testcase> <!-- testcase7 -->
  <testcase classname="first.EnterText" name="testcase4" time="0.0">
    <ignored/>
  </testcase> <!-- testcase4 -->
  <testcase classname="first.Login" name="testcase1" time="0.0">
    <ignored/>
  </testcase> <!-- testcase1 -->
</testsuite> <!-- Test -->
