<?xml version="1.0" encoding="UTF-8"?>
<!-- Generated by org.testng.reporters.JUnitXMLReporter -->
<testsuite ignored="0" hostname="LAPTOP-40MCKAT2" failures="0" tests="12" name="Test." time="0.059" errors="0" timestamp="2021-10-07T16:15:47 IST">
  <testcase classname="first.EnterText" name="result6" time="0.006"/>
  <testcase classname="first.EnterText" name="testcase4" time="0.001"/>
  <testcase classname="first.EnterText" name="testcase5" time="0.001"/>
  <testcase classname="first.Select" name="result12" time="0.001"/>
  <testcase classname="first.Select" name="testcase10" time="0.0"/>
  <testcase classname="first.Select" name="testcase11" time="0.0"/>
  <testcase classname="first.Click" name="result9" time="0.001"/>
  <testcase classname="first.Click" name="testcase7" time="0.0"/>
  <testcase classname="first.Click" name="testcase8" time="0.001"/>
  <testcase classname="first.Login" name="result" time="0.001"/>
  <testcase classname="first.Login" name="testcase1" time="0.001"/>
  <testcase classname="first.Login" name="testcase2" time="0.001"/>
</testsuite> <!-- Test. -->
