<?xml version="1.0" encoding="UTF-8"?>
<!-- Generated by org.testng.reporters.JUnitXMLReporter -->
<testsuite ignored="1" hostname="LAPTOP-40MCKAT2" failures="0" tests="2" name="Test4" time="0.009" errors="0" timestamp="2021-10-07T13:59:38 IST">
  <testcase classname="first.Login" name="testcase1" time="0.001"/>
  <testcase classname="first.Login" name="testcase2" time="0.001"/>
  <testcase classname="first.Login" name="result" time="0.0">
    <ignored/>
  </testcase> <!-- result -->
</testsuite> <!-- Test4 -->
