<?xml version="1.0" encoding="UTF-8"?>
<!-- Generated by org.testng.reporters.JUnitXMLReporter -->
<testsuite ignored="2" hostname="LAPTOP-40MCKAT2" failures="0" tests="1" name="Test1" time="0.037" errors="0" timestamp="2021-10-07T13:59:38 IST">
  <testcase classname="first.EnterText" name="testcase4" time="0.009"/>
  <testcase classname="first.EnterText" name="testcase5" time="0.0">
    <ignored/>
  </testcase> <!-- testcase5 -->
  <testcase classname="first.EnterText" name="result6" time="0.0">
    <ignored/>
  </testcase> <!-- result6 -->
</testsuite> <!-- Test1 -->
