<?xml version="1.0" encoding="UTF-8"?>
<!-- Generated by org.testng.reporters.JUnitXMLReporter -->
<testsuite ignored="1" hostname="LAPTOP-40MCKAT2" failures="0" tests="2" name="Test2" time="0.009" errors="0" timestamp="2021-10-07T13:59:38 IST">
  <testcase classname="first.Select" name="result12" time="0.002"/>
  <testcase classname="first.Select" name="testcase10" time="0.0"/>
  <testcase classname="first.Select" name="testcase11" time="0.0">
    <ignored/>
  </testcase> <!-- testcase11 -->
</testsuite> <!-- Test2 -->
