<?xml version="1.0" encoding="UTF-8"?>
<!-- Generated by org.testng.reporters.JUnitXMLReporter -->
<testsuite ignored="3" hostname="LAPTOP-40MCKAT2" failures="0" tests="0" time="0.004" errors="0" timestamp="2021-10-07T13:59:38 IST">
  <testcase classname="first.Click" name="testcase8" time="0.0">
    <ignored/>
  </testcase> <!-- testcase8 -->
  <testcase classname="first.Click" name="testcase7" time="0.0">
    <ignored/>
  </testcase> <!-- testcase7 -->
  <testcase classname="first.Click" name="result9" time="0.0">
    <ignored/>
  </testcase> <!-- result9 -->
</testsuite>
