<?xml version="1.0" encoding="UTF-8"?>
<!-- Generated by org.testng.reporters.JUnitXMLReporter -->
<testsuite ignored="8" hostname="LAPTOP-40MCKAT2" failures="0" tests="4" name="Test." time="0.049" errors="0" timestamp="2021-10-07T16:23:07 IST">
  <testcase classname="first.EnterText" name="result6" time="0.007"/>
  <testcase classname="first.Select" name="result12" time="0.001"/>
  <testcase classname="first.Click" name="result9" time="0.001"/>
  <testcase classname="first.Login" name="result" time="0.001"/>
  <testcase classname="first.EnterText" name="testcase5" time="0.0">
    <ignored/>
  </testcase> <!-- testcase5 -->
  <testcase classname="first.Click" name="testcase8" time="0.0">
    <ignored/>
  </testcase> <!-- testcase8 -->
  <testcase classname="first.Login" name="testcase2" time="0.0">
    <ignored/>
  </testcase> <!-- testcase2 -->
  <testcase classname="first.Select" name="testcase10" time="0.0">
    <ignored/>
  </testcase> <!-- testcase10 -->
  <testcase classname="first.Click" name="testcase7" time="0.0">
    <ignored/>
  </testcase> <!-- testcase7 -->
  <testcase classname="first.EnterText" name="testcase4" time="0.0">
    <ignored/>
  </testcase> <!-- testcase4 -->
  <testcase classname="first.Select" name="testcase11" time="0.0">
    <ignored/>
  </testcase> <!-- testcase11 -->
  <testcase classname="first.Login" name="testcase1" time="0.0">
    <ignored/>
  </testcase> <!-- testcase1 -->
</testsuite> <!-- Test. -->
