<?xml version="1.0" encoding="UTF-8"?>
<testng-results ignored="2" total="4" passed="2" failed="0" skipped="0">
  <reporter-output>
  </reporter-output>
  <suite started-at="2021-10-08T14:17:51 IST" name="Default suite" finished-at="2021-10-08T14:17:51 IST" duration-ms="61">
    <groups>
    </groups>
    <test started-at="2021-10-08T14:17:51 IST" name="Default test" finished-at="2021-10-08T14:17:51 IST" duration-ms="61">
      <class name="first.Login">
        <test-method signature="l()[pri:0, instance:first.Login@3246fb96]" started-at="2021-10-08T14:17:51 IST" name="l" finished-at="2021-10-08T14:17:51 IST" duration-ms="7" status="PASS">
          <reporter-output>
          </reporter-output>
        </test-method> <!-- l -->
        <test-method signature="result()[pri:0, instance:first.Login@3246fb96]" started-at="2021-10-08T14:17:51 IST" name="result" finished-at="2021-10-08T14:17:51 IST" duration-ms="20" status="PASS">
          <reporter-output>
          </reporter-output>
        </test-method> <!-- result -->
      </class> <!-- first.Login -->
    </test> <!-- Default test -->
  </suite> <!-- Default suite -->
</testng-results>
